This is pdfTeX, Version 3.141592653-2.6-1.40.29 (MiKTeX 26.2) (preloaded format=pdflatex 2026.2.23)  7 MAY 2026 15:49
entering extended mode
 restricted \write18 enabled.
 %&-line parsing enabled.
**./intro-to-enriched.tex
(intro-to-enriched.tex
LaTeX2e <2025-11-01>
L3 programming layer <2026-01-19>

! LaTeX Error: Missing \begin{document}.

See the LaTeX manual or LaTeX Companion for explanation.
Type  H <return>  for immediate help.
 ...                                              
                                                  
l.1 L
     et us write $ \textbf{A}(A,B)$ to denote $ \textsf{Hom}_{\textbf{A}}(A,...

You're in trouble here.  Try typing  <return>  to proceed.
If that doesn't work, type  X <return>  to quit.

Missing character: There is no L in font nullfont!
Missing character: There is no e in font nullfont!
Missing character: There is no t in font nullfont!
Missing character: There is no u in font nullfont!
Missing character: There is no s in font nullfont!
Missing character: There is no w in font nullfont!
Missing character: There is no r in font nullfont!
Missing character: There is no i in font nullfont!
Missing character: There is no t in font nullfont!
Missing character: There is no e in font nullfont!
LaTeX Font Info:    External font `cmex10' loaded for size
(Font)              <7> on input line 1.
LaTeX Font Info:    External font `cmex10' loaded for size
(Font)              <5> on input line 1.
Missing character: There is no t in font nullfont!
Missing character: There is no o in font nullfont!
Missing character: There is no d in font nullfont!
Missing character: There is no e in font nullfont!
Missing character: There is no n in font nullfont!
Missing character: There is no o in font nullfont!
Missing character: There is no t in font nullfont!
Missing character: There is no e in font nullfont!
Missing character: There is no . in font nullfont!

Overfull \hbox (20.0pt too wide) in paragraph at lines 1--4
[]
 []


Overfull \hbox (36.50343pt too wide) in paragraph at lines 1--4
[]\OT1/cmr/m/n/10 (\OML/cmm/m/it/10 A; B\OT1/cmr/m/n/10 )$
 []


Overfull \hbox (57.03128pt too wide) in paragraph at lines 1--4
[][]\OT1/cmr/m/n/10 (\OML/cmm/m/it/10 A; B\OT1/cmr/m/n/10 )$ 
 []


! LaTeX Error: Environment defn undefined.

See the LaTeX manual or LaTeX Companion for explanation.
Type  H <return>  for immediate help.
 ...                                              
                                                  
l.5 \begin{defn}
                
Your command was ignored.
Type  I <command> <return>  to replace it with another command,
or  <return>  to continue without it.


! LaTeX Error: Missing \begin{document}.

See the LaTeX manual or LaTeX Companion for explanation.
Type  H <return>  for immediate help.
 ...                                              
                                                  
l.6 	A
       \textit{monoidal structure} on a category $ \mathcal{V}$ is given by ...

You're in trouble here.  Try typing  <return>  to proceed.
If that doesn't work, type  X <return>  to quit.

Missing character: There is no A in font nullfont!
Missing character: There is no o in font nullfont!
Missing character: There is no n in font nullfont!
Missing character: There is no a in font nullfont!
Missing character: There is no c in font nullfont!
Missing character: There is no a in font nullfont!
Missing character: There is no t in font nullfont!
Missing character: There is no e in font nullfont!
Missing character: There is no g in font nullfont!
Missing character: There is no o in font nullfont!
Missing character: There is no r in font nullfont!
Missing character: There is no y in font nullfont!
Missing character: There is no i in font nullfont!
Missing character: There is no s in font nullfont!
Missing character: There is no g in font nullfont!
Missing character: There is no i in font nullfont!
Missing character: There is no v in font nullfont!
Missing character: There is no e in font nullfont!
Missing character: There is no n in font nullfont!
Missing character: There is no b in font nullfont!
Missing character: There is no y in font nullfont!
Missing character: There is no a in font nullfont!
Missing character: There is no f in font nullfont!
Missing character: There is no u in font nullfont!
Missing character: There is no n in font nullfont!
Missing character: There is no c in font nullfont!
Missing character: There is no t in font nullfont!
Missing character: There is no o in font nullfont!
Missing character: There is no r in font nullfont!
Missing character: There is no w in font nullfont!
Missing character: There is no h in font nullfont!
Missing character: There is no i in font nullfont!
Missing character: There is no c in font nullfont!
Missing character: There is no h in font nullfont!
Missing character: There is no i in font nullfont!
Missing character: There is no s in font nullfont!
Missing character: There is no a in font nullfont!
Missing character: There is no s in font nullfont!
Missing character: There is no s in font nullfont!
Missing character: There is no o in font nullfont!
Missing character: There is no c in font nullfont!
Missing character: There is no i in font nullfont!
Missing character: There is no a in font nullfont!
Missing character: There is no t in font nullfont!
Missing character: There is no i in font nullfont!
Missing character: There is no v in font nullfont!
Missing character: There is no e in font nullfont!

Overfull \hbox (20.0pt too wide) in paragraph at lines 6--8
[]
 []


Overfull \hbox (39.86646pt too wide) in paragraph at lines 6--8
\OT1/cmr/m/it/10 monoidal
 []


Overfull \hbox (38.58858pt too wide) in paragraph at lines 6--8
\OT1/cmr/m/it/10 structure
 []


Overfull \hbox (6.95004pt too wide) in paragraph at lines 6--8
\OMS/cmsy/m/n/10 V$
 []


Overfull \hbox (13.3333pt too wide) in paragraph at lines 6--8
\OMS/cmsy/m/n/10 
 \OT1/cmr/m/n/10 :
 []


Overfull \hbox (14.72784pt too wide) in paragraph at lines 6--8
\OMS/cmsy/m/n/10 V ^^B
 []


Overfull \hbox (25.83894pt too wide) in paragraph at lines 6--8
\OMS/cmsy/m/n/10 V [][]!
 []


Overfull \hbox (6.95004pt too wide) in paragraph at lines 6--8
\OMS/cmsy/m/n/10 V$
 []


Overfull \hbox (96.71771pt too wide) detected at line 10
\OML/cmm/m/it/10 u \OMS/cmsy/m/n/10 
 \OT1/cmr/m/n/10 (\OML/cmm/m/it/10 v \OMS/cmsy/m/n/10 
 \OML/cmm/m/it/10 w\OT1/cmr/m/n/10 ) \OMS/cmsy/m/n/10 ' \OT1/cmr/m/n/10 (\OML/c
mm/m/it/10 u \OMS/cmsy/m/n/10 
 \OML/cmm/m/it/10 v\OT1/cmr/m/n/10 ) \OMS/cmsy/m/n/10 
 \OML/cmm/m/it/10 w
 []

Missing character: There is no a in font nullfont!
Missing character: There is no n in font nullfont!
Missing character: There is no d in font nullfont!
Missing character: There is no h in font nullfont!
Missing character: There is no a in font nullfont!
Missing character: There is no s in font nullfont!
Missing character: There is no a in font nullfont!
Missing character: There is no u in font nullfont!
Missing character: There is no n in font nullfont!
Missing character: There is no i in font nullfont!
Missing character: There is no t in font nullfont!
Missing character: There is no o in font nullfont!
Missing character: There is no b in font nullfont!
Missing character: There is no j in font nullfont!
Missing character: There is no e in font nullfont!
Missing character: There is no c in font nullfont!
Missing character: There is no t in font nullfont!
Missing character: There is no s in font nullfont!
Missing character: There is no u in font nullfont!
Missing character: There is no c in font nullfont!
Missing character: There is no h in font nullfont!
Missing character: There is no t in font nullfont!
Missing character: There is no h in font nullfont!
Missing character: There is no a in font nullfont!
Missing character: There is no t in font nullfont!

Overfull \hbox (5.52084pt too wide) in paragraph at lines 10--12
     $\OML/cmm/m/it/10 k$
 []


Overfull \hbox (71.65955pt too wide) detected at line 14
\OML/cmm/m/it/10 k \OMS/cmsy/m/n/10 
 \OML/cmm/m/it/10 v \OMS/cmsy/m/n/10 ' \OML/cmm/m/it/10 v \OMS/cmsy/m/n/10 ' \O
ML/cmm/m/it/10 v \OMS/cmsy/m/n/10 
 \OML/cmm/m/it/10 k:
 []

Missing character: There is no I in font nullfont!
Missing character: There is no t in font nullfont!
Missing character: There is no i in font nullfont!
Missing character: There is no s in font nullfont!
Missing character: There is no f in font nullfont!
Missing character: There is no u in font nullfont!
Missing character: There is no r in font nullfont!
Missing character: There is no t in font nullfont!
Missing character: There is no h in font nullfont!
Missing character: There is no e in font nullfont!
Missing character: There is no r in font nullfont!
Missing character: There is no m in font nullfont!
Missing character: There is no o in font nullfont!
Missing character: There is no r in font nullfont!
Missing character: There is no e in font nullfont!
Missing character: There is no i in font nullfont!
Missing character: There is no f in font nullfont!

Overfull \hbox (45.10524pt too wide) in paragraph at lines 14--16
   \OT1/cmr/m/it/10 symmetric
 []


Overfull \hbox (53.52779pt too wide) detected at line 18
\OML/cmm/m/it/10 u \OMS/cmsy/m/n/10 
 \OML/cmm/m/it/10 v \OMS/cmsy/m/n/10 ' \OML/cmm/m/it/10 v \OMS/cmsy/m/n/10 
 \OML/cmm/m/it/10 u:
 []


! LaTeX Error: \begin{document} ended by \end{defn}.

See the LaTeX manual or LaTeX Companion for explanation.
Type  H <return>  for immediate help.
 ...                                              
                                                  
l.19 \end{defn}
               
Your command was ignored.
Type  I <command> <return>  to replace it with another command,
or  <return>  to continue without it.


! LaTeX Error: Environment defn undefined.

See the LaTeX manual or LaTeX Companion for explanation.
Type  H <return>  for immediate help.
 ...                                              
                                                  
l.21 \begin{defn}
                 
Your command was ignored.
Type  I <command> <return>  to replace it with another command,
or  <return>  to continue without it.


! LaTeX Error: Missing \begin{document}.

See the LaTeX manual or LaTeX Companion for explanation.
Type  H <return>  for immediate help.
 ...                                              
                                                  
l.22 	A
        monoidal structure is \textit{closed} if there is a functor
You're in trouble here.  Try typing  <return>  to proceed.
If that doesn't work, type  X <return>  to quit.

Missing character: There is no A in font nullfont!
Missing character: There is no m in font nullfont!
Missing character: There is no o in font nullfont!
Missing character: There is no n in font nullfont!
Missing character: There is no o in font nullfont!
Missing character: There is no i in font nullfont!
Missing character: There is no d in font nullfont!
Missing character: There is no a in font nullfont!
Missing character: There is no l in font nullfont!
Missing character: There is no s in font nullfont!
Missing character: There is no t in font nullfont!
Missing character: There is no r in font nullfont!
Missing character: There is no u in font nullfont!
Missing character: There is no c in font nullfont!
Missing character: There is no t in font nullfont!
Missing character: There is no u in font nullfont!
Missing character: There is no r in font nullfont!
Missing character: There is no e in font nullfont!
Missing character: There is no i in font nullfont!
Missing character: There is no s in font nullfont!
Missing character: There is no i in font nullfont!
Missing character: There is no f in font nullfont!
Missing character: There is no t in font nullfont!
Missing character: There is no h in font nullfont!
Missing character: There is no e in font nullfont!
Missing character: There is no r in font nullfont!
Missing character: There is no e in font nullfont!
Missing character: There is no i in font nullfont!
Missing character: There is no s in font nullfont!
Missing character: There is no a in font nullfont!
Missing character: There is no f in font nullfont!
Missing character: There is no u in font nullfont!
Missing character: There is no n in font nullfont!
Missing character: There is no c in font nullfont!
Missing character: There is no t in font nullfont!
Missing character: There is no o in font nullfont!
Missing character: There is no r in font nullfont!
Missing character: There is no s in font nullfont!
Missing character: There is no u in font nullfont!
Missing character: There is no c in font nullfont!
Missing character: There is no h in font nullfont!
Missing character: There is no t in font nullfont!
Missing character: There is no h in font nullfont!
Missing character: There is no a in font nullfont!
Missing character: There is no t in font nullfont!
Missing character: There is no i in font nullfont!
Missing character: There is no s in font nullfont!
Missing character: There is no r in font nullfont!
Missing character: There is no i in font nullfont!
Missing character: There is no g in font nullfont!
Missing character: There is no h in font nullfont!
Missing character: There is no t in font nullfont!
Missing character: There is no a in font nullfont!
Missing character: There is no d in font nullfont!
Missing character: There is no j in font nullfont!
Missing character: There is no o in font nullfont!
Missing character: There is no i in font nullfont!
Missing character: There is no n in font nullfont!
Missing character: There is no t in font nullfont!
Missing character: There is no t in font nullfont!
Missing character: There is no o in font nullfont!
Missing character: There is no f in font nullfont!
Missing character: There is no o in font nullfont!
Missing character: There is no r in font nullfont!
Missing character: There is no e in font nullfont!
Missing character: There is no a in font nullfont!
Missing character: There is no c in font nullfont!
Missing character: There is no h in font nullfont!
Missing character: There is no i in font nullfont!
Missing character: There is no n in font nullfont!
Missing character: There is no . in font nullfont!
Missing character: There is no I in font nullfont!
Missing character: There is no n in font nullfont!
Missing character: There is no o in font nullfont!
Missing character: There is no t in font nullfont!
Missing character: There is no h in font nullfont!
Missing character: There is no e in font nullfont!
Missing character: There is no r in font nullfont!
Missing character: There is no w in font nullfont!
Missing character: There is no o in font nullfont!
Missing character: There is no r in font nullfont!
Missing character: There is no d in font nullfont!
Missing character: There is no s in font nullfont!
Missing character: There is no , in font nullfont!

Overfull \hbox (20.0pt too wide) in paragraph at lines 22--26
[]
 []


Overfull \hbox (25.55537pt too wide) in paragraph at lines 22--26
\OT1/cmr/m/it/10 closed
 []


Overfull \hbox (40.28336pt too wide) in paragraph at lines 22--26
\OMS/cmsy/m/n/10 V\OT1/cmr/m/n/10 (\OMS/cmsy/m/n/10 ^^@\OML/cmm/m/it/10 ; \OMS/
cmsy/m/n/10 ^^@\OT1/cmr/m/n/10 ) :
 []


Overfull \hbox (25.39453pt too wide) in paragraph at lines 22--26
\OMS/cmsy/m/n/10 V[] ^^B
 []


Overfull \hbox (25.83894pt too wide) in paragraph at lines 22--26
\OMS/cmsy/m/n/10 V [][]!
 []


Overfull \hbox (6.95004pt too wide) in paragraph at lines 22--26
\OMS/cmsy/m/n/10 V$
 []


Overfull \hbox (32.23595pt too wide) in paragraph at lines 22--26
\OMS/cmsy/m/n/10 V\OT1/cmr/m/n/10 (\OML/cmm/m/it/10 a; \OMS/cmsy/m/n/10 ^^@\OT1
/cmr/m/n/10 )$
 []


Overfull \hbox (14.73032pt too wide) in paragraph at lines 22--26
\OML/cmm/m/it/10 a  \OMS/cmsy/m/n/10 

 []


Overfull \hbox (7.7778pt too wide) in paragraph at lines 22--26
\OMS/cmsy/m/n/10 ^^@$
 []


Overfull \hbox (5.28589pt too wide) in paragraph at lines 22--26
\OML/cmm/m/it/10 a$
 []


Overfull \hbox (6.95004pt too wide) in paragraph at lines 22--26
\OMS/cmsy/m/n/10 V$
 []


Overfull \hbox (117.53299pt too wide) detected at line 28
\OMS/cmsy/m/n/10 V\OT1/cmr/m/n/10 (\OML/cmm/m/it/10 a \OMS/cmsy/m/n/10 
 ^^@\OML/cmm/m/it/10 ; \OMS/cmsy/m/n/10 ^^C\OT1/cmr/m/n/10 ) \OMS/cmsy/m/n/10 ^
^Y V\OT1/cmr/m/n/10 (\OMS/cmsy/m/n/10 ^^@\OML/cmm/m/it/10 ; \OMS/cmsy/m/n/10 V\
OT1/cmr/m/n/10 (\OML/cmm/m/it/10 a; \OMS/cmsy/m/n/10 ^^C\OT1/cmr/m/n/10 ))\OML/
cmm/m/it/10 :
 []

Missing character: There is no I in font nullfont!
Missing character: There is no n in font nullfont!
Missing character: There is no p in font nullfont!
Missing character: There is no a in font nullfont!
Missing character: There is no r in font nullfont!
Missing character: There is no t in font nullfont!
Missing character: There is no i in font nullfont!
Missing character: There is no c in font nullfont!
Missing character: There is no u in font nullfont!
Missing character: There is no l in font nullfont!
Missing character: There is no a in font nullfont!
Missing character: There is no r in font nullfont!
Missing character: There is no , in font nullfont!
Missing character: There is no t in font nullfont!
Missing character: There is no h in font nullfont!
Missing character: There is no e in font nullfont!
Missing character: There is no r in font nullfont!
Missing character: There is no e in font nullfont!
Missing character: There is no i in font nullfont!
Missing character: There is no s in font nullfont!
Missing character: There is no a in font nullfont!
Missing character: There is no n in font nullfont!
Missing character: There is no a in font nullfont!
Missing character: There is no t in font nullfont!
Missing character: There is no u in font nullfont!
Missing character: There is no r in font nullfont!
Missing character: There is no a in font nullfont!
Missing character: There is no l in font nullfont!
Missing character: There is no b in font nullfont!
Missing character: There is no i in font nullfont!
Missing character: There is no j in font nullfont!
Missing character: There is no e in font nullfont!
Missing character: There is no c in font nullfont!
Missing character: There is no t in font nullfont!
Missing character: There is no i in font nullfont!
Missing character: There is no o in font nullfont!
Missing character: There is no n in font nullfont!

Overfull \hbox (40.21967pt too wide) in paragraph at lines 28--30
       $\OMS/cmsy/m/n/10 V\OT1/cmr/m/n/10 (\OML/cmm/m/it/10 a; v\OT1/cmr/m/n/10
 ) \OMS/cmsy/m/n/10 ^^Y
 []


Overfull \hbox (57.13504pt too wide) in paragraph at lines 28--30
\OMS/cmsy/m/n/10 V\OT1/cmr/m/n/10 (\OML/cmm/m/it/10 k; \OMS/cmsy/m/n/10 V\OT1/c
mr/m/n/10 (\OML/cmm/m/it/10 a; v\OT1/cmr/m/n/10 ))\OML/cmm/m/it/10 :$ 
 []


! LaTeX Error: \begin{document} ended by \end{defn}.

See the LaTeX manual or LaTeX Companion for explanation.
Type  H <return>  for immediate help.
 ...                                              
                                                  
l.31 \end{defn}
               
Your command was ignored.
Type  I <command> <return>  to replace it with another command,
or  <return>  to continue without it.


! LaTeX Error: Missing \begin{document}.

See the LaTeX manual or LaTeX Companion for explanation.
Type  H <return>  for immediate help.
 ...                                              
                                                  
l.33 L
      et's look at the data of this adjunction.
You're in trouble here.  Try typing  <return>  to proceed.
If that doesn't work, type  X <return>  to quit.

Missing character: There is no L in font nullfont!
Missing character: There is no e in font nullfont!
Missing character: There is no t in font nullfont!
Missing character: There is no ' in font nullfont!
Missing character: There is no s in font nullfont!
Missing character: There is no l in font nullfont!
Missing character: There is no o in font nullfont!
Missing character: There is no o in font nullfont!
Missing character: There is no k in font nullfont!
Missing character: There is no a in font nullfont!
Missing character: There is no t in font nullfont!
Missing character: There is no t in font nullfont!
Missing character: There is no h in font nullfont!
Missing character: There is no e in font nullfont!
Missing character: There is no d in font nullfont!
Missing character: There is no a in font nullfont!
Missing character: There is no t in font nullfont!
Missing character: There is no a in font nullfont!
Missing character: There is no o in font nullfont!
Missing character: There is no f in font nullfont!
Missing character: There is no t in font nullfont!
Missing character: There is no h in font nullfont!
Missing character: There is no i in font nullfont!
Missing character: There is no s in font nullfont!
Missing character: There is no a in font nullfont!
Missing character: There is no d in font nullfont!
Missing character: There is no j in font nullfont!
Missing character: There is no u in font nullfont!
Missing character: There is no n in font nullfont!
Missing character: There is no c in font nullfont!
Missing character: There is no t in font nullfont!
Missing character: There is no i in font nullfont!
Missing character: There is no o in font nullfont!
Missing character: There is no n in font nullfont!
Missing character: There is no . in font nullfont!
Missing character: There is no T in font nullfont!
Missing character: There is no h in font nullfont!
Missing character: There is no e in font nullfont!
Missing character: There is no u in font nullfont!
Missing character: There is no n in font nullfont!
Missing character: There is no i in font nullfont!
Missing character: There is no t in font nullfont!
Missing character: There is no a in font nullfont!
Missing character: There is no n in font nullfont!
Missing character: There is no d in font nullfont!
Missing character: There is no c in font nullfont!
Missing character: There is no o in font nullfont!
Missing character: There is no u in font nullfont!
Missing character: There is no n in font nullfont!
Missing character: There is no i in font nullfont!
Missing character: There is no t in font nullfont!
Missing character: There is no a in font nullfont!
Missing character: There is no r in font nullfont!
Missing character: There is no e in font nullfont!
Missing character: There is no a in font nullfont!
Missing character: There is no n in font nullfont!
Missing character: There is no d in font nullfont!
Missing character: There is no . in font nullfont!
Missing character: There is no T in font nullfont!
Missing character: There is no h in font nullfont!
Missing character: There is no e in font nullfont!
Missing character: There is no b in font nullfont!
Missing character: There is no i in font nullfont!
Missing character: There is no j in font nullfont!
Missing character: There is no e in font nullfont!
Missing character: There is no c in font nullfont!
Missing character: There is no t in font nullfont!
Missing character: There is no i in font nullfont!
Missing character: There is no o in font nullfont!
Missing character: There is no n in font nullfont!
Missing character: There is no s in font nullfont!
Missing character: There is no a in font nullfont!
Missing character: There is no r in font nullfont!
Missing character: There is no e in font nullfont!
Missing character: There is no g in font nullfont!
Missing character: There is no i in font nullfont!
Missing character: There is no v in font nullfont!
Missing character: There is no e in font nullfont!
Missing character: There is no n in font nullfont!
Missing character: There is no b in font nullfont!
Missing character: There is no y in font nullfont!
Missing character: There is no t in font nullfont!
Missing character: There is no h in font nullfont!
Missing character: There is no e in font nullfont!
Missing character: There is no p in font nullfont!
Missing character: There is no r in font nullfont!
Missing character: There is no o in font nullfont!
Missing character: There is no c in font nullfont!
Missing character: There is no e in font nullfont!
Missing character: There is no d in font nullfont!
Missing character: There is no u in font nullfont!
Missing character: There is no r in font nullfont!
Missing character: There is no e in font nullfont!
Missing character: There is no : in font nullfont!

Overfull \hbox (20.0pt too wide) in paragraph at lines 33--36
[]
 []


Overfull \hbox (16.61691pt too wide) in paragraph at lines 33--36
\OML/cmm/m/it/10 ^^U[] \OT1/cmr/m/n/10 :
 []


Overfull \hbox (24.61348pt too wide) in paragraph at lines 33--36
\OML/cmm/m/it/10 u [][]\OMS/cmsy/m/n/10 !
 []


Overfull \hbox (33.63293pt too wide) in paragraph at lines 33--36
\OMS/cmsy/m/n/10 V\OT1/cmr/m/n/10 (\OML/cmm/m/it/10 a; a \OMS/cmsy/m/n/10 

 []


Overfull \hbox (9.61348pt too wide) in paragraph at lines 33--36
\OML/cmm/m/it/10 u\OT1/cmr/m/n/10 )$
 []


Overfull \hbox (14.36572pt too wide) in paragraph at lines 33--36
\OML/cmm/m/it/10 ^^O[] \OT1/cmr/m/n/10 :
 []


Overfull \hbox (14.73032pt too wide) in paragraph at lines 33--36
\OML/cmm/m/it/10 a  \OMS/cmsy/m/n/10 

 []


Overfull \hbox (48.55305pt too wide) in paragraph at lines 33--36
\OMS/cmsy/m/n/10 V\OT1/cmr/m/n/10 (\OML/cmm/m/it/10 a; v\OT1/cmr/m/n/10 ) [][]\
OMS/cmsy/m/n/10 !
 []


Overfull \hbox (5.20601pt too wide) in paragraph at lines 33--36
\OML/cmm/m/it/10 v$
 []


! LaTeX Error: Missing \begin{document}.

See the LaTeX manual or LaTeX Companion for explanation.
Type  H <return>  for immediate help.
 ...                                              
                                                  
l.37 \begin{center}
                   
You're in trouble here.  Try typing  <return>  to proceed.
If that doesn't work, type  X <return>  to quit.


Overfull \hbox (20.0pt too wide) in paragraph at lines 37--37
[] 
 []

! Undefined control sequence.
l.38 	$a\, \otimes \, u \xrightarrow
                                    {f} v \text{  is sent to  } u \xrightarr...
The control sequence at the end of the top line
of your error message was never \def'ed. If you have
misspelled it (e.g., `\hobx'), type `I' and the correct
spelling (e.g., `I\hbox'). Otherwise just continue,
and I'll forget about whatever was undefined.

! Undefined control sequence.
l.38 	$a\, \otimes \, u \xrightarrow{f} v \text
                                               {  is sent to  } u \xrightarr...
The control sequence at the end of the top line
of your error message was never \def'ed. If you have
misspelled it (e.g., `\hobx'), type `I' and the correct
spelling (e.g., `I\hbox'). Otherwise just continue,
and I'll forget about whatever was undefined.

! Undefined control sequence.
l.38 ...{f} v \text{  is sent to  } u \xrightarrow
                                                  { \lambda_{u}}  \mathcal{V...
The control sequence at the end of the top line
of your error message was never \def'ed. If you have
misspelled it (e.g., `\hobx'), type `I' and the correct
spelling (e.g., `I\hbox'). Otherwise just continue,
and I'll forget about whatever was undefined.

! Undefined control sequence.
l.38 ...thcal{V}(a, a\, \otimes \, u) \xrightarrow
                                                  { \mathcal{V}(a,f)} \mathc...
The control sequence at the end of the top line
of your error message was never \def'ed. If you have
misspelled it (e.g., `\hobx'), type `I' and the correct
spelling (e.g., `I\hbox'). Otherwise just continue,
and I'll forget about whatever was undefined.


Overfull \hbox (14.73032pt too wide) in paragraph at lines 38--38
 \OML/cmm/m/it/10 a  \OMS/cmsy/m/n/10 
 
 []


Overfull \hbox (104.5366pt too wide) in paragraph at lines 38--38
 \OML/cmm/m/it/10 ufv[]u[]\OMS/cmsy/m/n/10 V\OT1/cmr/m/n/10 (\OML/cmm/m/it/10 a
; a  \OMS/cmsy/m/n/10 
 
 []


Overfull \hbox (69.70804pt too wide) in paragraph at lines 38--38
 \OML/cmm/m/it/10 u\OT1/cmr/m/n/10 )[]\OMS/cmsy/m/n/10 V\OT1/cmr/m/n/10 (\OML/c
mm/m/it/10 a; v\OT1/cmr/m/n/10 )$ 
 []

! Undefined control sequence.
l.40 	$u \xrightarrow
                     {g}  \mathcal{V}(a,v)  \text{  is sent to  } a\, \otime...
The control sequence at the end of the top line
of your error message was never \def'ed. If you have
misspelled it (e.g., `\hobx'), type `I' and the correct
spelling (e.g., `I\hbox'). Otherwise just continue,
and I'll forget about whatever was undefined.

! Undefined control sequence.
l.40 	$u \xrightarrow{g}  \mathcal{V}(a,v)  \text
                                                 {  is sent to  } a\, \otime...
The control sequence at the end of the top line
of your error message was never \def'ed. If you have
misspelled it (e.g., `\hobx'), type `I' and the correct
spelling (e.g., `I\hbox'). Otherwise just continue,
and I'll forget about whatever was undefined.

! Undefined control sequence.
l.40 ...s sent to  } a\, \otimes \, u \xrightarrow
                                                  { a \, \otimes \, g} a \, ...
The control sequence at the end of the top line
of your error message was never \def'ed. If you have
misspelled it (e.g., `\hobx'), type `I' and the correct
spelling (e.g., `I\hbox'). Otherwise just continue,
and I'll forget about whatever was undefined.

! Undefined control sequence.
l.40 ...a \, \otimes \mathcal{V}(a,v) \xrightarrow
                                                  { \epsilon _{,v}} v$.
The control sequence at the end of the top line
of your error message was never \def'ed. If you have
misspelled it (e.g., `\hobx'), type `I' and the correct
spelling (e.g., `I\hbox'). Otherwise just continue,
and I'll forget about whatever was undefined.

Missing character: There is no . in font nullfont!

Overfull \hbox (90.79572pt too wide) in paragraph at lines 40--41
 []$\OML/cmm/m/it/10 ug\OMS/cmsy/m/n/10 V\OT1/cmr/m/n/10 (\OML/cmm/m/it/10 a; v
\OT1/cmr/m/n/10 )[]\OML/cmm/m/it/10 a  \OMS/cmsy/m/n/10 
 
 []


Overfull \hbox (46.42464pt too wide) in paragraph at lines 40--41
 \OML/cmm/m/it/10 u[]a  \OMS/cmsy/m/n/10 
 
 []


Overfull \hbox (46.05539pt too wide) in paragraph at lines 40--41
 \OMS/cmsy/m/n/10 V\OT1/cmr/m/n/10 (\OML/cmm/m/it/10 a; v\OT1/cmr/m/n/10 )[]\OM
L/cmm/m/it/10 v$ 
 []

Missing character: There is no S in font nullfont!
Missing character: There is no i in font nullfont!
Missing character: There is no n in font nullfont!
Missing character: There is no c in font nullfont!
Missing character: There is no e in font nullfont!
Missing character: There is no c in font nullfont!
Missing character: There is no a in font nullfont!
Missing character: There is no n in font nullfont!
Missing character: There is no b in font nullfont!
Missing character: There is no e in font nullfont!
Missing character: There is no t in font nullfont!
Missing character: There is no h in font nullfont!
Missing character: There is no o in font nullfont!
Missing character: There is no u in font nullfont!
Missing character: There is no g in font nullfont!
Missing character: There is no h in font nullfont!
Missing character: There is no t in font nullfont!
Missing character: There is no o in font nullfont!
Missing character: There is no f in font nullfont!
Missing character: There is no a in font nullfont!
Missing character: There is no s in font nullfont!
Missing character: There is no a in font nullfont!
Missing character: There is no n in font nullfont!
Missing character: There is no e in font nullfont!
Missing character: There is no v in font nullfont!
Missing character: There is no a in font nullfont!
Missing character: There is no l in font nullfont!
Missing character: There is no u in font nullfont!
Missing character: There is no a in font nullfont!
Missing character: There is no t in font nullfont!
Missing character: There is no i in font nullfont!
Missing character: There is no o in font nullfont!
Missing character: There is no n in font nullfont!
Missing character: There is no , in font nullfont!
Missing character: There is no a in font nullfont!
Missing character: There is no f in font nullfont!
Missing character: There is no o in font nullfont!
Missing character: There is no r in font nullfont!
Missing character: There is no m in font nullfont!
Missing character: There is no o in font nullfont!
Missing character: There is no f in font nullfont!
Missing character: There is no c in font nullfont!
Missing character: There is no o in font nullfont!
Missing character: There is no m in font nullfont!
Missing character: There is no p in font nullfont!
Missing character: There is no o in font nullfont!
Missing character: There is no s in font nullfont!
Missing character: There is no i in font nullfont!
Missing character: There is no t in font nullfont!
Missing character: There is no i in font nullfont!
Missing character: There is no o in font nullfont!
Missing character: There is no n in font nullfont!
Missing character: There is no w in font nullfont!
Missing character: There is no h in font nullfont!
Missing character: There is no i in font nullfont!
Missing character: There is no c in font nullfont!
Missing character: There is no h in font nullfont!
Missing character: There is no i in font nullfont!
Missing character: There is no s in font nullfont!
Missing character: There is no c in font nullfont!
Missing character: There is no a in font nullfont!
Missing character: There is no l in font nullfont!
Missing character: There is no c in font nullfont!
Missing character: There is no u in font nullfont!
Missing character: There is no l in font nullfont!
Missing character: There is no a in font nullfont!
Missing character: There is no t in font nullfont!
Missing character: There is no e in font nullfont!
Missing character: There is no d in font nullfont!
Missing character: There is no a in font nullfont!
Missing character: There is no t in font nullfont!
Missing character: There is no e in font nullfont!
Missing character: There is no a in font nullfont!
Missing character: There is no c in font nullfont!
Missing character: There is no h in font nullfont!
Missing character: There is no i in font nullfont!
Missing character: There is no n in font nullfont!
Missing character: There is no a in font nullfont!
Missing character: There is no s in font nullfont!
Missing character: There is no : in font nullfont!

Overfull \hbox (20.0pt too wide) in paragraph at lines 44--46
[]
 []


Overfull \hbox (4.05904pt too wide) in paragraph at lines 44--46
\OML/cmm/m/it/10 ^^O$
 []


Overfull \hbox (36.5276pt too wide) in paragraph at lines 44--46
\OMS/cmsy/m/n/10 V\OT1/cmr/m/n/10 (\OML/cmm/m/it/10 a; b\OT1/cmr/m/n/10 ) \OMS/
cmsy/m/n/10 

 []


Overfull \hbox (46.68037pt too wide) in paragraph at lines 44--46
\OMS/cmsy/m/n/10 V\OT1/cmr/m/n/10 (\OML/cmm/m/it/10 b; c\OT1/cmr/m/n/10 ) [][]\
OMS/cmsy/m/n/10 !
 []


Overfull \hbox (28.7857pt too wide) in paragraph at lines 44--46
\OMS/cmsy/m/n/10 V\OT1/cmr/m/n/10 (\OML/cmm/m/it/10 a; c\OT1/cmr/m/n/10 )$
 []


Overfull \hbox (5.28589pt too wide) in paragraph at lines 44--46
\OML/cmm/m/it/10 a$
 []


Overfull \hbox (6.95004pt too wide) in paragraph at lines 44--46
\OMS/cmsy/m/n/10 V$ 
 []

! Undefined control sequence.
l.47 ...b) \otimes \mathcal{V}(b,c) ) \xrightarrow
                                                  { \simeq} 	(a \otimes  \ma...
The control sequence at the end of the top line
of your error message was never \def'ed. If you have
misspelled it (e.g., `\hobx'), type `I' and the correct
spelling (e.g., `I\hbox'). Otherwise just continue,
and I'll forget about whatever was undefined.

! Undefined control sequence.
l.48 	\xrightarrow
                  { \epsilon_b \otimes 1 _{ \mathcal{V}(b,c)}} b \otimes \ma...
The control sequence at the end of the top line
of your error message was never \def'ed. If you have
misspelled it (e.g., `\hobx'), type `I' and the correct
spelling (e.g., `I\hbox'). Otherwise just continue,
and I'll forget about whatever was undefined.

! Undefined control sequence.
l.48 ...}} b \otimes \mathcal{V}(b,c) \xrightarrow
                                                  { \epsilon'_c} c. $\\
The control sequence at the end of the top line
of your error message was never \def'ed. If you have
misspelled it (e.g., `\hobx'), type `I' and the correct
spelling (e.g., `I\hbox'). Otherwise just continue,
and I'll forget about whatever was undefined.


Overfull \hbox (13.06369pt too wide) in paragraph at lines 47--48
 \OML/cmm/m/it/10 a \OMS/cmsy/m/n/10 
 
 []


Overfull \hbox (40.4165pt too wide) in paragraph at lines 47--48
 \OT1/cmr/m/n/10 (\OMS/cmsy/m/n/10 V\OT1/cmr/m/n/10 (\OML/cmm/m/it/10 a; b\OT1/
cmr/m/n/10 ) \OMS/cmsy/m/n/10 
 
 []


Overfull \hbox (56.41077pt too wide) in paragraph at lines 47--48
 \OMS/cmsy/m/n/10 V\OT1/cmr/m/n/10 (\OML/cmm/m/it/10 b; c\OT1/cmr/m/n/10 ))[](\
OML/cmm/m/it/10 a \OMS/cmsy/m/n/10 
 
 []


Overfull \hbox (40.4165pt too wide) in paragraph at lines 47--48
 \OMS/cmsy/m/n/10 V\OT1/cmr/m/n/10 (\OML/cmm/m/it/10 a; b\OT1/cmr/m/n/10 )) \OM
S/cmsy/m/n/10 
 
 []


Overfull \hbox (86.99966pt too wide) in paragraph at lines 47--48
 \OMS/cmsy/m/n/10 V\OT1/cmr/m/n/10 (\OML/cmm/m/it/10 b; c\OT1/cmr/m/n/10 )[]\OM
L/cmm/m/it/10 b \OMS/cmsy/m/n/10 
 
 []


Overfull \hbox (43.0296pt too wide) in paragraph at lines 47--48
 \OMS/cmsy/m/n/10 V\OT1/cmr/m/n/10 (\OML/cmm/m/it/10 b; c\OT1/cmr/m/n/10 )[]\OM
L/cmm/m/it/10 c:$ 
 []

Missing character: There is no T in font nullfont!
Missing character: There is no h in font nullfont!
Missing character: There is no e in font nullfont!
Missing character: There is no r in font nullfont!
Missing character: There is no e in font nullfont!
Missing character: There is no i in font nullfont!
Missing character: There is no s in font nullfont!
Missing character: There is no a in font nullfont!
Missing character: There is no l in font nullfont!
Missing character: There is no s in font nullfont!
Missing character: There is no o in font nullfont!
Missing character: There is no a in font nullfont!
Missing character: There is no n in font nullfont!
Missing character: There is no a in font nullfont!
Missing character: There is no t in font nullfont!
Missing character: There is no u in font nullfont!
Missing character: There is no r in font nullfont!
Missing character: There is no a in font nullfont!
Missing character: There is no l in font nullfont!
Missing character: There is no d in font nullfont!
Missing character: There is no o in font nullfont!
Missing character: There is no u in font nullfont!
Missing character: There is no b in font nullfont!
Missing character: There is no l in font nullfont!
Missing character: There is no e in font nullfont!
Missing character: There is no - in font nullfont!
Missing character: There is no d in font nullfont!
Missing character: There is no u in font nullfont!
Missing character: There is no a in font nullfont!
Missing character: There is no l in font nullfont!
Missing character: There is no m in font nullfont!
Missing character: There is no o in font nullfont!
Missing character: There is no r in font nullfont!
Missing character: There is no p in font nullfont!
Missing character: There is no h in font nullfont!
Missing character: There is no i in font nullfont!
Missing character: There is no s in font nullfont!
Missing character: There is no m in font nullfont!
Missing character: There is no f in font nullfont!
Missing character: There is no o in font nullfont!
Missing character: There is no r in font nullfont!
Missing character: There is no a in font nullfont!
Missing character: There is no n in font nullfont!
Missing character: There is no y in font nullfont!
Missing character: There is no f in font nullfont!
Missing character: There is no i in font nullfont!
Missing character: There is no x in font nullfont!
Missing character: There is no e in font nullfont!
Missing character: There is no d in font nullfont!
Missing character: There is no o in font nullfont!
Missing character: There is no b in font nullfont!
Missing character: There is no j in font nullfont!
Missing character: There is no e in font nullfont!
Missing character: There is no c in font nullfont!
Missing character: There is no t in font nullfont!
Missing character: There is no . in font nullfont!

Overfull \hbox (24.61348pt too wide) in paragraph at lines 50--51
       $\OML/cmm/m/it/10 u [][]\OMS/cmsy/m/n/10 !
 []


Overfull \hbox (52.6524pt too wide) in paragraph at lines 50--51
\OMS/cmsy/m/n/10 V\OT1/cmr/m/n/10 (\OMS/cmsy/m/n/10 V\OT1/cmr/m/n/10 (\OML/cmm/
m/it/10 u; b\OT1/cmr/m/n/10 )\OML/cmm/m/it/10 ; b\OT1/cmr/m/n/10 )$
 []


Overfull \hbox (4.29166pt too wide) in paragraph at lines 50--51
\OML/cmm/m/it/10 b$ 
 []


! LaTeX Error: Environment defn undefined.

See the LaTeX manual or LaTeX Companion for explanation.
Type  H <return>  for immediate help.
 ...                                              
                                                  
l.56 \begin{defn}
                 
Your command was ignored.
Type  I <command> <return>  to replace it with another command,
or  <return>  to continue without it.

Missing character: There is no A in font nullfont!
Missing character: There is no c in font nullfont!
Missing character: There is no o in font nullfont!
Missing character: There is no n in font nullfont!
Missing character: There is no s in font nullfont!
Missing character: There is no i in font nullfont!
Missing character: There is no s in font nullfont!
Missing character: There is no t in font nullfont!
Missing character: There is no s in font nullfont!
Missing character: There is no o in font nullfont!
Missing character: There is no f in font nullfont!
Missing character: There is no a in font nullfont!
Missing character: There is no c in font nullfont!
Missing character: There is no l in font nullfont!
Missing character: There is no a in font nullfont!
Missing character: There is no s in font nullfont!
Missing character: There is no s in font nullfont!
Missing character: There is no o in font nullfont!
Missing character: There is no f in font nullfont!
Missing character: There is no a in font nullfont!
Missing character: There is no n in font nullfont!
Missing character: There is no d in font nullfont!
Missing character: There is no : in font nullfont!

Overfull \hbox (20.0pt too wide) in paragraph at lines 57--58
[]
 []


Overfull \hbox (10.52779pt too wide) in paragraph at lines 57--58
\OMS/cmsy/m/n/10 V$\OT1/cmr/m/it/10 -
 []


Overfull \hbox (35.39413pt too wide) in paragraph at lines 57--58
\OT1/cmr/m/it/10 category
 []


Overfull \hbox (8.6944pt too wide) in paragraph at lines 57--58
[]$
 []


Overfull \hbox (18.86108pt too wide) in paragraph at lines 57--58
[][]$
 []


Overfull \hbox (29.69836pt too wide) in paragraph at lines 57--58
\OT1/cmr/m/it/10 objects 
 []

Missing character: There is no A in font nullfont!
Missing character: There is no f in font nullfont!
Missing character: There is no o in font nullfont!
Missing character: There is no r in font nullfont!
Missing character: There is no e in font nullfont!
Missing character: There is no a in font nullfont!
Missing character: There is no c in font nullfont!
Missing character: There is no h in font nullfont!
Missing character: There is no p in font nullfont!
Missing character: There is no a in font nullfont!
Missing character: There is no i in font nullfont!
Missing character: There is no r in font nullfont!
Missing character: There is no o in font nullfont!
Missing character: There is no f in font nullfont!
Missing character: There is no o in font nullfont!
Missing character: There is no b in font nullfont!
Missing character: There is no j in font nullfont!
Missing character: There is no e in font nullfont!
Missing character: There is no c in font nullfont!
Missing character: There is no t in font nullfont!
Missing character: There is no s in font nullfont!
Missing character: There is no o in font nullfont!
Missing character: There is no f in font nullfont!
Missing character: There is no ; in font nullfont!

Overfull \hbox (21.97765pt too wide) in paragraph at lines 59--60
\OT1/cmr/m/it/10 hom-
 []


Overfull \hbox (24.78868pt too wide) in paragraph at lines 59--60
\OT1/cmr/m/it/10 object
 []


Overfull \hbox (39.93855pt too wide) in paragraph at lines 59--60
[]\OT1/cmr/m/n/10 (\OML/cmm/m/it/10 a; b\OT1/cmr/m/n/10 ) \OMS/cmsy/m/n/10 2
 []


Overfull \hbox (17.11673pt too wide) in paragraph at lines 59--60
[]\OMS/cmsy/m/n/10 V$
 []


Overfull \hbox (8.6944pt too wide) in paragraph at lines 59--60
[]$ 
 []

Missing character: There is no F in font nullfont!
Missing character: There is no o in font nullfont!
Missing character: There is no r in font nullfont!
Missing character: There is no e in font nullfont!
Missing character: There is no a in font nullfont!
Missing character: There is no c in font nullfont!
Missing character: There is no h in font nullfont!
Missing character: There is no t in font nullfont!
Missing character: There is no r in font nullfont!
Missing character: There is no i in font nullfont!
Missing character: There is no p in font nullfont!
Missing character: There is no l in font nullfont!
Missing character: There is no e in font nullfont!
Missing character: There is no o in font nullfont!
Missing character: There is no f in font nullfont!
Missing character: There is no o in font nullfont!
Missing character: There is no b in font nullfont!
Missing character: There is no j in font nullfont!
Missing character: There is no e in font nullfont!
Missing character: There is no c in font nullfont!
Missing character: There is no t in font nullfont!
Missing character: There is no s in font nullfont!
Missing character: There is no , in font nullfont!
Missing character: There is no a in font nullfont!
Missing character: There is no ; in font nullfont!

Overfull \hbox (51.36633pt too wide) in paragraph at lines 60--61
\OT1/cmr/m/it/10 composition
 []


Overfull \hbox (14.31104pt too wide) in paragraph at lines 60--61
\OT1/cmr/m/it/10 law
 []


Overfull \hbox (16.581pt too wide) in paragraph at lines 60--61
\OML/cmm/m/it/10 ^^V \OT1/cmr/m/n/10 =
 []


Overfull \hbox (23.50903pt too wide) in paragraph at lines 60--61
\OML/cmm/m/it/10 ^^V[] \OT1/cmr/m/n/10 :
 []


Overfull \hbox (38.27196pt too wide) in paragraph at lines 60--61
[]\OT1/cmr/m/n/10 (\OML/cmm/m/it/10 a; b\OT1/cmr/m/n/10 ) \OMS/cmsy/m/n/10 

 []


Overfull \hbox (48.42473pt too wide) in paragraph at lines 60--61
[]\OT1/cmr/m/n/10 (\OML/cmm/m/it/10 b; c\OT1/cmr/m/n/10 ) [][]\OMS/cmsy/m/n/10 
!
 []


Overfull \hbox (30.53006pt too wide) in paragraph at lines 60--61
[]\OT1/cmr/m/n/10 (\OML/cmm/m/it/10 a; c\OT1/cmr/m/n/10 )$ 
 []

Missing character: There is no A in font nullfont!
Missing character: There is no n in font nullfont!
Missing character: There is no f in font nullfont!
Missing character: There is no o in font nullfont!
Missing character: There is no r in font nullfont!
Missing character: There is no e in font nullfont!
Missing character: There is no a in font nullfont!
Missing character: There is no c in font nullfont!
Missing character: There is no h in font nullfont!
Missing character: There is no o in font nullfont!
Missing character: There is no b in font nullfont!
Missing character: There is no j in font nullfont!
Missing character: There is no e in font nullfont!
Missing character: There is no c in font nullfont!
Missing character: There is no t in font nullfont!

Overfull \hbox (32.96643pt too wide) in paragraph at lines 61--62
\OT1/cmr/m/it/10 identity
 []


Overfull \hbox (14.5112pt too wide) in paragraph at lines 61--62
\OML/cmm/m/it/10 j[] \OT1/cmr/m/n/10 :
 []


Overfull \hbox (24.06944pt too wide) in paragraph at lines 61--62
\OML/cmm/m/it/10 I [][]\OMS/cmsy/m/n/10 !
 []


Overfull \hbox (31.48839pt too wide) in paragraph at lines 61--62
[]\OT1/cmr/m/n/10 (\OML/cmm/m/it/10 a; a\OT1/cmr/m/n/10 )$
 []


Overfull \hbox (5.28589pt too wide) in paragraph at lines 61--62
\OML/cmm/m/it/10 a$ 
 []

Missing character: There is no s in font nullfont!
Missing character: There is no u in font nullfont!
Missing character: There is no b in font nullfont!
Missing character: There is no j in font nullfont!
Missing character: There is no e in font nullfont!
Missing character: There is no c in font nullfont!
Missing character: There is no t in font nullfont!
Missing character: There is no t in font nullfont!
Missing character: There is no o in font nullfont!
Missing character: There is no t in font nullfont!
Missing character: There is no h in font nullfont!
Missing character: There is no e in font nullfont!
Missing character: There is no a in font nullfont!
Missing character: There is no s in font nullfont!
Missing character: There is no s in font nullfont!
Missing character: There is no o in font nullfont!
Missing character: There is no c in font nullfont!
Missing character: There is no i in font nullfont!
Missing character: There is no a in font nullfont!
Missing character: There is no t in font nullfont!
Missing character: There is no i in font nullfont!
Missing character: There is no v in font nullfont!
Missing character: There is no i in font nullfont!
Missing character: There is no t in font nullfont!
Missing character: There is no y in font nullfont!
Missing character: There is no a in font nullfont!
Missing character: There is no n in font nullfont!
Missing character: There is no d in font nullfont!
Missing character: There is no u in font nullfont!
Missing character: There is no n in font nullfont!
Missing character: There is no i in font nullfont!
Missing character: There is no t in font nullfont!
Missing character: There is no y in font nullfont!
Missing character: There is no a in font nullfont!
Missing character: There is no x in font nullfont!
Missing character: There is no i in font nullfont!
Missing character: There is no o in font nullfont!
Missing character: There is no m in font nullfont!
Missing character: There is no s in font nullfont!
Missing character: There is no e in font nullfont!
Missing character: There is no x in font nullfont!
Missing character: There is no p in font nullfont!
Missing character: There is no r in font nullfont!
Missing character: There is no e in font nullfont!
Missing character: There is no s in font nullfont!
Missing character: There is no s in font nullfont!
Missing character: There is no e in font nullfont!
Missing character: There is no d in font nullfont!
Missing character: There is no b in font nullfont!
Missing character: There is no y in font nullfont!
Missing character: There is no t in font nullfont!
Missing character: There is no h in font nullfont!
Missing character: There is no e in font nullfont!
Missing character: There is no c in font nullfont!
Missing character: There is no o in font nullfont!
Missing character: There is no m in font nullfont!
Missing character: There is no m in font nullfont!
Missing character: There is no u in font nullfont!
Missing character: There is no t in font nullfont!
Missing character: There is no a in font nullfont!
Missing character: There is no t in font nullfont!
Missing character: There is no i in font nullfont!
Missing character: There is no v in font nullfont!
Missing character: There is no i in font nullfont!
Missing character: There is no t in font nullfont!
Missing character: There is no y in font nullfont!
Missing character: There is no o in font nullfont!
Missing character: There is no f in font nullfont!
Missing character: There is no : in font nullfont!

! LaTeX Error: Environment tikzcd undefined.

See the LaTeX manual or LaTeX Companion for explanation.
Type  H <return>  for immediate help.
 ...                                              
                                                  
l.65 	\[\begin{tikzcd}
                      [column sep=tiny]
Your command was ignored.
Type  I <command> <return>  to replace it with another command,
or  <return>  to continue without it.

! Misplaced alignment tab character &.
l.66 ...\textbf{A}(b,c))\otimes\textbf{A}(c,d) } &
                                                  & {\textbf{A}(a,b)\otimes ...
I can't figure out why you would want to use a tab mark
here. If you just want an ampersand, the remedy is
simple: Just type `I\&' now. But if some right brace
up above has ended a previous alignment prematurely,
you're probably due for more error messages, and you
might try typing `S' now just to see what is salvageable.

! Misplaced alignment tab character &.
l.66 ...textbf{A}(b,c))\otimes\textbf{A}(c,d) } &&
                                                   {\textbf{A}(a,b)\otimes (...
I can't figure out why you would want to use a tab mark
here. If you just want an ampersand, the remedy is
simple: Just type `I\&' now. But if some right brace
up above has ended a previous alignment prematurely,
you're probably due for more error messages, and you
might try typing `S' now just to see what is salvageable.

! Misplaced alignment tab character &.
l.67 		{\textbf{A}(a,c)\otimes \textbf{A}(c,d)} &
                                                 & {\textbf{A}(a,b)\otimes \...
I can't figure out why you would want to use a tab mark
here. If you just want an ampersand, the remedy is
simple: Just type `I\&' now. But if some right brace
up above has ended a previous alignment prematurely,
you're probably due for more error messages, and you
might try typing `S' now just to see what is salvageable.

! Misplaced alignment tab character &.
l.67 		{\textbf{A}(a,c)\otimes \textbf{A}(c,d)} &&
                                                   {\textbf{A}(a,b)\otimes \...
I can't figure out why you would want to use a tab mark
here. If you just want an ampersand, the remedy is
simple: Just type `I\&' now. But if some right brace
up above has ended a previous alignment prematurely,
you're probably due for more error messages, and you
might try typing `S' now just to see what is salvageable.

! Misplaced alignment tab character &.
<recently read> &
                 
l.68 		&
         {\textbf{A}(a,d))} \\
I can't figure out why you would want to use a tab mark
here. If you just want an ampersand, the remedy is
simple: Just type `I\&' now. But if some right brace
up above has ended a previous alignment prematurely,
you're probably due for more error messages, and you
might try typing `S' now just to see what is salvageable.

! Misplaced alignment tab character &.
l.69 		{\textbf{A}(a,a)\otimes \textbf{A}(a,b)} &
                                                  {\textbf{A}(a,b)} & {\text...
I can't figure out why you would want to use a tab mark
here. If you just want an ampersand, the remedy is
simple: Just type `I\&' now. But if some right brace
up above has ended a previous alignment prematurely,
you're probably due for more error messages, and you
might try typing `S' now just to see what is salvageable.

! Misplaced alignment tab character &.
l.69 ...mes \textbf{A}(a,b)} & {\textbf{A}(a,b)} &
                                                   {\textbf{A}(a,b)\otimes \...
I can't figure out why you would want to use a tab mark
here. If you just want an ampersand, the remedy is
simple: Just type `I\&' now. But if some right brace
up above has ended a previous alignment prematurely,
you're probably due for more error messages, and you
might try typing `S' now just to see what is salvageable.

! Misplaced alignment tab character &.
l.70 		{I\otimes \textbf{A}(a,b)} &
                                   & {\textbf{A}(a,b)\otimes I}
I can't figure out why you would want to use a tab mark
here. If you just want an ampersand, the remedy is
simple: Just type `I\&' now. But if some right brace
up above has ended a previous alignment prematurely,
you're probably due for more error messages, and you
might try typing `S' now just to see what is salvageable.

! Misplaced alignment tab character &.
l.70 		{I\otimes \textbf{A}(a,b)} &&
                                     {\textbf{A}(a,b)\otimes I}
I can't figure out why you would want to use a tab mark
here. If you just want an ampersand, the remedy is
simple: Just type `I\&' now. But if some right brace
up above has ended a previous alignment prematurely,
you're probably due for more error messages, and you
might try typing `S' now just to see what is salvageable.

! Undefined control sequence.
l.71 		\arrow
             ["{\simeq}", from=1-1, to=1-3]
The control sequence at the end of the top line
of your error message was never \def'ed. If you have
misspelled it (e.g., `\hobx'), type `I' and the correct
spelling (e.g., `I\hbox'). Otherwise just continue,
and I'll forget about whatever was undefined.

! Undefined control sequence.
l.72 		\arrow
             ["{\mu\otimes 1}"', from=1-1, to=2-1]
The control sequence at the end of the top line
of your error message was never \def'ed. If you have
misspelled it (e.g., `\hobx'), type `I' and the correct
spelling (e.g., `I\hbox'). Otherwise just continue,
and I'll forget about whatever was undefined.

! Undefined control sequence.
l.73 		\arrow
             ["{1\otimes \mu}", from=1-3, to=2-3]
The control sequence at the end of the top line
of your error message was never \def'ed. If you have
misspelled it (e.g., `\hobx'), type `I' and the correct
spelling (e.g., `I\hbox'). Otherwise just continue,
and I'll forget about whatever was undefined.

! Undefined control sequence.
l.74 		\arrow
             ["\mu"', from=2-1, to=3-2]
The control sequence at the end of the top line
of your error message was never \def'ed. If you have
misspelled it (e.g., `\hobx'), type `I' and the correct
spelling (e.g., `I\hbox'). Otherwise just continue,
and I'll forget about whatever was undefined.

! Undefined control sequence.
l.75 		\arrow
             ["\mu", from=2-3, to=3-2]
The control sequence at the end of the top line
of your error message was never \def'ed. If you have
misspelled it (e.g., `\hobx'), type `I' and the correct
spelling (e.g., `I\hbox'). Otherwise just continue,
and I'll forget about whatever was undefined.

! Undefined control sequence.
l.76 		\arrow
             ["\mu", from=4-1, to=4-2]
The control sequence at the end of the top line
of your error message was never \def'ed. If you have
misspelled it (e.g., `\hobx'), type `I' and the correct
spelling (e.g., `I\hbox'). Otherwise just continue,
and I'll forget about whatever was undefined.

! Undefined control sequence.
l.77 		\arrow
             ["\mu"', from=4-3, to=4-2]
The control sequence at the end of the top line
of your error message was never \def'ed. If you have
misspelled it (e.g., `\hobx'), type `I' and the correct
spelling (e.g., `I\hbox'). Otherwise just continue,
and I'll forget about whatever was undefined.

! Undefined control sequence.
l.78 		\arrow
             ["{j\otimes 1}", from=5-1, to=4-1]
The control sequence at the end of the top line
of your error message was never \def'ed. If you have
misspelled it (e.g., `\hobx'), type `I' and the correct
spelling (e.g., `I\hbox'). Otherwise just continue,
and I'll forget about whatever was undefined.

! Undefined control sequence.
l.79 		\arrow
             ["\simeq"', from=5-1, to=4-2]
The control sequence at the end of the top line
of your error message was never \def'ed. If you have
misspelled it (e.g., `\hobx'), type `I' and the correct
spelling (e.g., `I\hbox'). Otherwise just continue,
and I'll forget about whatever was undefined.

! Undefined control sequence.
l.80 		\arrow
             ["\simeq", from=5-3, to=4-2]
The control sequence at the end of the top line
of your error message was never \def'ed. If you have
misspelled it (e.g., `\hobx'), type `I' and the correct
spelling (e.g., `I\hbox'). Otherwise just continue,
and I'll forget about whatever was undefined.

! Undefined control sequence.
l.81 		\arrow
             ["{1\otimes j}"', from=5-3, to=4-3]
The control sequence at the end of the top line
of your error message was never \def'ed. If you have
misspelled it (e.g., `\hobx'), type `I' and the correct
spelling (e.g., `I\hbox'). Otherwise just continue,
and I'll forget about whatever was undefined.


! LaTeX Error: \begin{document} ended by \end{tikzcd}.

See the LaTeX manual or LaTeX Companion for explanation.
Type  H <return>  for immediate help.
 ...                                              
                                                  
l.82 	\end{tikzcd}
                  \]
Your command was ignored.
Type  I <command> <return>  to replace it with another command,
or  <return>  to continue without it.


Overfull \hbox (2261.73135pt too wide) detected at line 82
\OT1/cmr/m/n/10 [\OML/cmm/m/it/10 columnsep \OT1/cmr/m/n/10 = \OML/cmm/m/it/10 
tiny\OT1/cmr/m/n/10 ][][][] [][][] [][] [][][][] [][]["[]"\OML/cmm/m/it/10 ; fr
om \OT1/cmr/m/n/10 = 1 \OMS/cmsy/m/n/10 ^^@ \OT1/cmr/m/n/10 1\OML/cmm/m/it/10 ;
 to \OT1/cmr/m/n/10 = 1 \OMS/cmsy/m/n/10 ^^@ \OT1/cmr/m/n/10 3]["[]"[]\OML/cmm/
m/it/10 ; from \OT1/cmr/m/n/10 = 1 \OMS/cmsy/m/n/10 ^^@ \OT1/cmr/m/n/10 1\OML/c
mm/m/it/10 ; to \OT1/cmr/m/n/10 = 2 \OMS/cmsy/m/n/10 ^^@ \OT1/cmr/m/n/10 1]["[]
"\OML/cmm/m/it/10 ; from \OT1/cmr/m/n/10 = 1 \OMS/cmsy/m/n/10 ^^@ \OT1/cmr/m/n/
10 3\OML/cmm/m/it/10 ; to \OT1/cmr/m/n/10 = 2 \OMS/cmsy/m/n/10 ^^@ \OT1/cmr/m/n
/10 3]["\OML/cmm/m/it/10 ^^V\OT1/cmr/m/n/10 "[]\OML/cmm/m/it/10 ; from \OT1/cmr
/m/n/10 = 2 \OMS/cmsy/m/n/10 ^^@ \OT1/cmr/m/n/10 1\OML/cmm/m/it/10 ; to \OT1/cm
r/m/n/10 = 3 \OMS/cmsy/m/n/10 ^^@ \OT1/cmr/m/n/10 2]["\OML/cmm/m/it/10 ^^V\OT1/
cmr/m/n/10 "\OML/cmm/m/it/10 ; from \OT1/cmr/m/n/10 = 2 \OMS/cmsy/m/n/10 ^^@ \O
T1/cmr/m/n/10 3\OML/cmm/m/it/10 ; to \OT1/cmr/m/n/10 = 3 \OMS/cmsy/m/n/10 ^^@ \
OT1/cmr/m/n/10 2]["\OML/cmm/m/it/10 ^^V\OT1/cmr/m/n/10 "\OML/cmm/m/it/10 ; from
 \OT1/cmr/m/n/10 = 4 \OMS/cmsy/m/n/10 ^^@ \OT1/cmr/m/n/10 1\OML/cmm/m/it/10 ; t
o \OT1/cmr/m/n/10 = 4 \OMS/cmsy/m/n/10 ^^@ \OT1/cmr/m/n/10 2]["\OML/cmm/m/it/10
 ^^V\OT1/cmr/m/n/10 "[]\OML/cmm/m/it/10 ; from \OT1/cmr/m/n/10 = 4 \OMS/cmsy/m/
n/10 ^^@ \OT1/cmr/m/n/10 3\OML/cmm/m/it/10 ; to \OT1/cmr/m/n/10 = 4 \OMS/cmsy/m
/n/10 ^^@ \OT1/cmr/m/n/10 2]["[]"\OML/cmm/m/it/10 ; from \OT1/cmr/m/n/10 = 5 \O
MS/cmsy/m/n/10 ^^@ \OT1/cmr/m/n/10 1\OML/cmm/m/it/10 ; to \OT1/cmr/m/n/10 = 4 \
OMS/cmsy/m/n/10 ^^@ \OT1/cmr/m/n/10 1][" \OMS/cmsy/m/n/10 ' \OT1/cmr/m/n/10 "[]
\OML/cmm/m/it/10 ; from \OT1/cmr/m/n/10 = 5 \OMS/cmsy/m/n/10 ^^@ \OT1/cmr/m/n/1
0 1\OML/cmm/m/it/10 ; to \OT1/cmr/m/n/10 = 4 \OMS/cmsy/m/n/10 ^^@ \OT1/cmr/m/n/
10 2][" \OMS/cmsy/m/n/10 ' \OT1/cmr/m/n/10 "\OML/cmm/m/it/10 ; from \OT1/cmr/m/
n/10 = 5 \OMS/cmsy/m/n/10 ^^@ \OT1/cmr/m/n/10 3\OML/cmm/m/it/10 ; to \OT1/cmr/m
/n/10 = 4 \OMS/cmsy/m/n/10 ^^@ \OT1/cmr/m/n/10 2]["[]"[]\OML/cmm/m/it/10 ; from
 \OT1/cmr/m/n/10 = 5 \OMS/cmsy/m/n/10 ^^@ \OT1/cmr/m/n/10 3\OML/cmm/m/it/10 ; t
o \OT1/cmr/m/n/10 = 4 \OMS/cmsy/m/n/10 ^^@ \OT1/cmr/m/n/10 3]
 []


! LaTeX Error: \begin{document} ended by \end{defn}.

See the LaTeX manual or LaTeX Companion for explanation.
Type  H <return>  for immediate help.
 ...                                              
                                                  
l.84 \end{defn}
               
Your command was ignored.
Type  I <command> <return>  to replace it with another command,
or  <return>  to continue without it.


! LaTeX Error: Environment defn undefined.

See the LaTeX manual or LaTeX Companion for explanation.
Type  H <return>  for immediate help.
 ...                                              
                                                  
l.86 \begin{defn}
                 
Your command was ignored.
Type  I <command> <return>  to replace it with another command,
or  <return>  to continue without it.

Missing character: There is no F in font nullfont!
Missing character: There is no o in font nullfont!
Missing character: There is no r in font nullfont!
Missing character: There is no - in font nullfont!
Missing character: There is no c in font nullfont!
Missing character: There is no a in font nullfont!
Missing character: There is no t in font nullfont!
Missing character: There is no e in font nullfont!
Missing character: There is no g in font nullfont!
Missing character: There is no o in font nullfont!
Missing character: There is no r in font nullfont!
Missing character: There is no i in font nullfont!
Missing character: There is no e in font nullfont!
Missing character: There is no s in font nullfont!
Missing character: There is no a in font nullfont!
Missing character: There is no n in font nullfont!
Missing character: There is no d in font nullfont!
Missing character: There is no , in font nullfont!
Missing character: There is no a in font nullfont!
Missing character: There is no c in font nullfont!
Missing character: There is no o in font nullfont!
Missing character: There is no n in font nullfont!
Missing character: There is no s in font nullfont!
Missing character: There is no i in font nullfont!
Missing character: There is no s in font nullfont!
Missing character: There is no t in font nullfont!
Missing character: There is no s in font nullfont!
Missing character: There is no o in font nullfont!
Missing character: There is no f in font nullfont!
Missing character: There is no a in font nullfont!
Missing character: There is no f in font nullfont!
Missing character: There is no u in font nullfont!
Missing character: There is no n in font nullfont!
Missing character: There is no c in font nullfont!
Missing character: There is no t in font nullfont!
Missing character: There is no i in font nullfont!
Missing character: There is no o in font nullfont!
Missing character: There is no n in font nullfont!

Overfull \hbox (20.0pt too wide) in paragraph at lines 87--88
[]
 []


Overfull \hbox (6.95004pt too wide) in paragraph at lines 87--88
\OMS/cmsy/m/n/10 V$
 []


Overfull \hbox (8.6944pt too wide) in paragraph at lines 87--88
[]$
 []


Overfull \hbox (8.18051pt too wide) in paragraph at lines 87--88
[]$
 []


Overfull \hbox (10.52779pt too wide) in paragraph at lines 87--88
\OMS/cmsy/m/n/10 V$\OT1/cmr/m/it/10 -
 []


Overfull \hbox (31.30534pt too wide) in paragraph at lines 87--88
\OT1/cmr/m/it/10 functor
 []


Overfull \hbox (12.78815pt too wide) in paragraph at lines 87--88
\OML/cmm/m/it/10 T \OT1/cmr/m/n/10 :
 []


Overfull \hbox (27.5833pt too wide) in paragraph at lines 87--88
[] [][]\OMS/cmsy/m/n/10 !
 []


Overfull \hbox (8.18051pt too wide) in paragraph at lines 87--88
[]$
 []


Overfull \hbox (77.77408pt too wide) detected at line 90
\OML/cmm/m/it/10 T \OT1/cmr/m/n/10 : [][] [][]\OMS/cmsy/m/n/10 ! [][]
 []

Missing character: There is no t in font nullfont!
Missing character: There is no o in font nullfont!
Missing character: There is no g in font nullfont!
Missing character: There is no e in font nullfont!
Missing character: There is no t in font nullfont!
Missing character: There is no h in font nullfont!
Missing character: There is no e in font nullfont!
Missing character: There is no r in font nullfont!
Missing character: There is no w in font nullfont!
Missing character: There is no i in font nullfont!
Missing character: There is no t in font nullfont!
Missing character: There is no h in font nullfont!
Missing character: There is no , in font nullfont!
Missing character: There is no f in font nullfont!
Missing character: There is no o in font nullfont!
Missing character: There is no r in font nullfont!
Missing character: There is no e in font nullfont!
Missing character: There is no a in font nullfont!
Missing character: There is no c in font nullfont!
Missing character: There is no h in font nullfont!
Missing character: There is no p in font nullfont!
Missing character: There is no a in font nullfont!
Missing character: There is no i in font nullfont!
Missing character: There is no r in font nullfont!
Missing character: There is no , in font nullfont!
Missing character: There is no a in font nullfont!
Missing character: There is no m in font nullfont!
Missing character: There is no a in font nullfont!
Missing character: There is no p in font nullfont!

Overfull \hbox (23.46635pt too wide) in paragraph at lines 90--92
     $\OML/cmm/m/it/10 a; b \OMS/cmsy/m/n/10 2
 []


Overfull \hbox (18.86108pt too wide) in paragraph at lines 90--92
[][]$
 []


Overfull \hbox (119.1376pt too wide) detected at line 94
\OML/cmm/m/it/10 T[] \OT1/cmr/m/n/10 : [](\OML/cmm/m/it/10 a; b\OT1/cmr/m/n/10 
) [][]\OMS/cmsy/m/n/10 ! []\OT1/cmr/m/n/10 (\OML/cmm/m/it/10 Ta; Tb\OT1/cmr/m/n
/10 )
 []

Missing character: There is no s in font nullfont!
Missing character: There is no u in font nullfont!
Missing character: There is no b in font nullfont!
Missing character: There is no j in font nullfont!
Missing character: There is no e in font nullfont!
Missing character: There is no c in font nullfont!
Missing character: There is no t in font nullfont!
Missing character: There is no t in font nullfont!
Missing character: There is no o in font nullfont!
Missing character: There is no t in font nullfont!
Missing character: There is no h in font nullfont!
Missing character: There is no e in font nullfont!
Missing character: There is no c in font nullfont!
Missing character: There is no o in font nullfont!
Missing character: There is no m in font nullfont!
Missing character: There is no p in font nullfont!
Missing character: There is no a in font nullfont!
Missing character: There is no t in font nullfont!
Missing character: There is no i in font nullfont!
Missing character: There is no b in font nullfont!
Missing character: There is no i in font nullfont!
Missing character: There is no l in font nullfont!
Missing character: There is no i in font nullfont!
Missing character: There is no t in font nullfont!
Missing character: There is no y in font nullfont!
Missing character: There is no w in font nullfont!
Missing character: There is no i in font nullfont!
Missing character: There is no t in font nullfont!
Missing character: There is no h in font nullfont!
Missing character: There is no c in font nullfont!
Missing character: There is no o in font nullfont!
Missing character: There is no m in font nullfont!
Missing character: There is no p in font nullfont!
Missing character: There is no o in font nullfont!
Missing character: There is no s in font nullfont!
Missing character: There is no i in font nullfont!
Missing character: There is no t in font nullfont!
Missing character: There is no i in font nullfont!
Missing character: There is no o in font nullfont!
Missing character: There is no n in font nullfont!
Missing character: There is no a in font nullfont!
Missing character: There is no n in font nullfont!
Missing character: There is no d in font nullfont!
Missing character: There is no t in font nullfont!
Missing character: There is no h in font nullfont!
Missing character: There is no e in font nullfont!
Missing character: There is no i in font nullfont!
Missing character: There is no d in font nullfont!
Missing character: There is no e in font nullfont!
Missing character: There is no n in font nullfont!
Missing character: There is no t in font nullfont!
Missing character: There is no i in font nullfont!
Missing character: There is no t in font nullfont!
Missing character: There is no i in font nullfont!
Missing character: There is no e in font nullfont!
Missing character: There is no s in font nullfont!
Missing character: There is no . in font nullfont!

! LaTeX Error: \begin{document} ended by \end{defn}.

See the LaTeX manual or LaTeX Companion for explanation.
Type  H <return>  for immediate help.
 ...                                              
                                                  
l.96 \end{defn}
               
Your command was ignored.
Type  I <command> <return>  to replace it with another command,
or  <return>  to continue without it.


! LaTeX Error: Environment defn undefined.

See the LaTeX manual or LaTeX Companion for explanation.
Type  H <return>  for immediate help.
 ...                                              
                                                  
l.98 \begin{defn}
                 
Your command was ignored.
Type  I <command> <return>  to replace it with another command,
or  <return>  to continue without it.

Missing character: There is no A in font nullfont!
Missing character: There is no f in font nullfont!
Missing character: There is no u in font nullfont!
Missing character: There is no n in font nullfont!
Missing character: There is no c in font nullfont!
Missing character: There is no t in font nullfont!
Missing character: There is no o in font nullfont!
Missing character: There is no r in font nullfont!
! Undefined control sequence.
l.99 	A functor $ \mathcal{V} \xrightarrow
                                          {\phi} \mathcal{W}$ between monoid...
The control sequence at the end of the top line
of your error message was never \def'ed. If you have
misspelled it (e.g., `\hobx'), type `I' and the correct
spelling (e.g., `I\hbox'). Otherwise just continue,
and I'll forget about whatever was undefined.

Missing character: There is no b in font nullfont!
Missing character: There is no e in font nullfont!
Missing character: There is no t in font nullfont!
Missing character: There is no w in font nullfont!
Missing character: There is no e in font nullfont!
Missing character: There is no e in font nullfont!
Missing character: There is no n in font nullfont!
Missing character: There is no m in font nullfont!
Missing character: There is no o in font nullfont!
Missing character: There is no n in font nullfont!
Missing character: There is no o in font nullfont!
Missing character: There is no i in font nullfont!
Missing character: There is no d in font nullfont!
Missing character: There is no a in font nullfont!
Missing character: There is no l in font nullfont!
Missing character: There is no s in font nullfont!
Missing character: There is no t in font nullfont!
Missing character: There is no r in font nullfont!
Missing character: There is no u in font nullfont!
Missing character: There is no c in font nullfont!
Missing character: There is no t in font nullfont!
Missing character: There is no u in font nullfont!
Missing character: There is no r in font nullfont!
Missing character: There is no e in font nullfont!
Missing character: There is no s in font nullfont!
Missing character: There is no i in font nullfont!
Missing character: There is no s in font nullfont!
Missing character: There is no i in font nullfont!
Missing character: There is no f in font nullfont!
Missing character: There is no i in font nullfont!
Missing character: There is no t in font nullfont!
Missing character: There is no p in font nullfont!
Missing character: There is no r in font nullfont!
Missing character: There is no e in font nullfont!
Missing character: There is no s in font nullfont!
Missing character: There is no e in font nullfont!
Missing character: There is no r in font nullfont!
Missing character: There is no v in font nullfont!
Missing character: There is no e in font nullfont!
Missing character: There is no s in font nullfont!
Missing character: There is no t in font nullfont!
Missing character: There is no h in font nullfont!
Missing character: There is no e in font nullfont!
Missing character: There is no m in font nullfont!
Missing character: There is no o in font nullfont!
Missing character: There is no n in font nullfont!
Missing character: There is no o in font nullfont!
Missing character: There is no i in font nullfont!
Missing character: There is no d in font nullfont!
Missing character: There is no a in font nullfont!
Missing character: There is no l in font nullfont!
Missing character: There is no s in font nullfont!
Missing character: There is no t in font nullfont!
Missing character: There is no r in font nullfont!
Missing character: There is no u in font nullfont!
Missing character: There is no c in font nullfont!
Missing character: There is no t in font nullfont!
Missing character: There is no u in font nullfont!
Missing character: There is no r in font nullfont!
Missing character: There is no e in font nullfont!
Missing character: There is no o in font nullfont!
Missing character: There is no f in font nullfont!
Missing character: There is no ( in font nullfont!
Missing character: There is no t in font nullfont!
Missing character: There is no h in font nullfont!
Missing character: There is no e in font nullfont!
Missing character: There is no i in font nullfont!
Missing character: There is no d in font nullfont!
Missing character: There is no e in font nullfont!
Missing character: There is no n in font nullfont!
Missing character: There is no t in font nullfont!
Missing character: There is no i in font nullfont!
Missing character: There is no t in font nullfont!
Missing character: There is no y in font nullfont!
Missing character: There is no , in font nullfont!
Missing character: There is no ) in font nullfont!
Missing character: There is no . in font nullfont!

! LaTeX Error: \begin{document} ended by \end{defn}.

See the LaTeX manual or LaTeX Companion for explanation.
Type  H <return>  for immediate help.
 ...                                              
                                                  
l.100 \end{defn}
                
Your command was ignored.
Type  I <command> <return>  to replace it with another command,
or  <return>  to continue without it.


Overfull \hbox (20.0pt too wide) in paragraph at lines 99--101
[]
 []


Overfull \hbox (23.60843pt too wide) in paragraph at lines 99--101
\OMS/cmsy/m/n/10 V\OML/cmm/m/it/10 ^^^\OMS/cmsy/m/n/10 W$
 []


Overfull \hbox (25.55537pt too wide) in paragraph at lines 99--101
\OT1/cmr/m/it/10 closed
 []


Overfull \hbox (6.95004pt too wide) in paragraph at lines 99--101
\OMS/cmsy/m/n/10 V$
 []


Overfull \hbox (7.7778pt too wide) in paragraph at lines 99--101
\OMS/cmsy/m/n/10 
$
 []


! LaTeX Error: Environment thm undefined.

See the LaTeX manual or LaTeX Companion for explanation.
Type  H <return>  for immediate help.
 ...                                              
                                                  
l.102 \begin{thm}
                  Our results:
Your command was ignored.
Type  I <command> <return>  to replace it with another command,
or  <return>  to continue without it.

Missing character: There is no O in font nullfont!
Missing character: There is no u in font nullfont!
Missing character: There is no r in font nullfont!
Missing character: There is no r in font nullfont!
Missing character: There is no e in font nullfont!
Missing character: There is no s in font nullfont!
Missing character: There is no u in font nullfont!
Missing character: There is no l in font nullfont!
Missing character: There is no t in font nullfont!
Missing character: There is no s in font nullfont!
Missing character: There is no : in font nullfont!

Overfull \hbox (20.0pt too wide) in paragraph at lines 102--103
[] 
 []

Missing character: There is no I in font nullfont!
Missing character: There is no f in font nullfont!
! Undefined control sequence.
l.104 		\item If $\mathcal{V} \xrightarrow
                                          {\phi} \mathcal{W}$ is a closed fu...
The control sequence at the end of the top line
of your error message was never \def'ed. If you have
misspelled it (e.g., `\hobx'), type `I' and the correct
spelling (e.g., `I\hbox'). Otherwise just continue,
and I'll forget about whatever was undefined.

Missing character: There is no i in font nullfont!
Missing character: There is no s in font nullfont!
Missing character: There is no a in font nullfont!
Missing character: There is no c in font nullfont!
Missing character: There is no l in font nullfont!
Missing character: There is no o in font nullfont!
Missing character: There is no s in font nullfont!
Missing character: There is no e in font nullfont!
Missing character: There is no d in font nullfont!
Missing character: There is no f in font nullfont!
Missing character: There is no u in font nullfont!
Missing character: There is no n in font nullfont!
Missing character: There is no c in font nullfont!
Missing character: There is no t in font nullfont!
Missing character: There is no o in font nullfont!
Missing character: There is no r in font nullfont!
Missing character: There is no a in font nullfont!
Missing character: There is no n in font nullfont!
Missing character: There is no d in font nullfont!
Missing character: There is no a in font nullfont!
Missing character: There is no - in font nullfont!
Missing character: There is no c in font nullfont!
Missing character: There is no a in font nullfont!
Missing character: There is no t in font nullfont!
Missing character: There is no e in font nullfont!
Missing character: There is no g in font nullfont!
Missing character: There is no o in font nullfont!
Missing character: There is no r in font nullfont!
Missing character: There is no y in font nullfont!
Missing character: There is no , in font nullfont!
Missing character: There is no t in font nullfont!
Missing character: There is no h in font nullfont!
Missing character: There is no e in font nullfont!
Missing character: There is no n in font nullfont!
Missing character: There is no d in font nullfont!
Missing character: There is no e in font nullfont!
Missing character: There is no f in font nullfont!
Missing character: There is no i in font nullfont!
Missing character: There is no n in font nullfont!
Missing character: There is no e in font nullfont!
Missing character: There is no s in font nullfont!
Missing character: There is no a in font nullfont!
Missing character: There is no - in font nullfont!
Missing character: There is no c in font nullfont!
Missing character: There is no a in font nullfont!
Missing character: There is no t in font nullfont!
Missing character: There is no e in font nullfont!
Missing character: There is no g in font nullfont!
Missing character: There is no o in font nullfont!
Missing character: There is no r in font nullfont!
Missing character: There is no y in font nullfont!
Missing character: There is no w in font nullfont!
Missing character: There is no i in font nullfont!
Missing character: There is no t in font nullfont!
Missing character: There is no h in font nullfont!
Missing character: There is no t in font nullfont!
Missing character: There is no h in font nullfont!
Missing character: There is no e in font nullfont!
Missing character: There is no s in font nullfont!
Missing character: There is no a in font nullfont!
Missing character: There is no m in font nullfont!
Missing character: There is no e in font nullfont!
Missing character: There is no o in font nullfont!
Missing character: There is no b in font nullfont!
Missing character: There is no j in font nullfont!
Missing character: There is no e in font nullfont!
Missing character: There is no c in font nullfont!
Missing character: There is no t in font nullfont!
Missing character: There is no s in font nullfont!
Missing character: There is no a in font nullfont!
Missing character: There is no s in font nullfont!
Missing character: There is no . in font nullfont!

Overfull \hbox (23.60843pt too wide) in paragraph at lines 104--105
\OMS/cmsy/m/n/10 V\OML/cmm/m/it/10 ^^^\OMS/cmsy/m/n/10 W$
 []


Overfull \hbox (8.6944pt too wide) in paragraph at lines 104--105
\OT1/cmr/bx/n/10 A
 []


Overfull \hbox (6.95004pt too wide) in paragraph at lines 104--105
\OMS/cmsy/m/n/10 V$
 []


Overfull \hbox (54.78581pt too wide) in paragraph at lines 104--105
\OT1/cmr/m/n/10 (\OML/cmm/m/it/10 ^^^[]\OT1/cmr/m/n/10 )(\OML/cmm/m/it/10 a; b\
OT1/cmr/m/n/10 ) =
 []


Overfull \hbox (44.2303pt too wide) in paragraph at lines 104--105
\OML/cmm/m/it/10 ^^^\OT1/cmr/m/n/10 ([](\OML/cmm/m/it/10 a; b\OT1/cmr/m/n/10 ))
$
 []


Overfull \hbox (10.70004pt too wide) in paragraph at lines 104--105
\OMS/cmsy/m/n/10 W$
 []


Overfull \hbox (14.65274pt too wide) in paragraph at lines 104--105
\OML/cmm/m/it/10 ^^^[]$
 []


Overfull \hbox (8.6944pt too wide) in paragraph at lines 104--105
\OT1/cmr/bx/n/10 A 
 []

Missing character: There is no I in font nullfont!
Missing character: There is no f in font nullfont!
! Undefined control sequence.
l.105 		\item If $ \textbf{A} \xrightarrow
                                          {T} \textbf{B}$ is a $\mathcal{V}$...
The control sequence at the end of the top line
of your error message was never \def'ed. If you have
misspelled it (e.g., `\hobx'), type `I' and the correct
spelling (e.g., `I\hbox'). Otherwise just continue,
and I'll forget about whatever was undefined.

Missing character: There is no i in font nullfont!
Missing character: There is no s in font nullfont!
Missing character: There is no a in font nullfont!
Missing character: There is no - in font nullfont!
Missing character: There is no f in font nullfont!
Missing character: There is no u in font nullfont!
Missing character: There is no n in font nullfont!
Missing character: There is no c in font nullfont!
Missing character: There is no t in font nullfont!
Missing character: There is no o in font nullfont!
Missing character: There is no r in font nullfont!
Missing character: There is no , in font nullfont!
Missing character: There is no t in font nullfont!
Missing character: There is no h in font nullfont!
Missing character: There is no e in font nullfont!
Missing character: There is no n in font nullfont!
Missing character: There is no w in font nullfont!
Missing character: There is no e in font nullfont!
Missing character: There is no o in font nullfont!
Missing character: There is no b in font nullfont!
Missing character: There is no t in font nullfont!
Missing character: There is no a in font nullfont!
Missing character: There is no i in font nullfont!
Missing character: There is no n in font nullfont!
Missing character: There is no a in font nullfont!
Missing character: There is no f in font nullfont!
Missing character: There is no u in font nullfont!
Missing character: There is no n in font nullfont!
Missing character: There is no c in font nullfont!
Missing character: There is no t in font nullfont!
Missing character: There is no o in font nullfont!
Missing character: There is no r in font nullfont!
! Undefined control sequence.
l.105 ...W}$ functor $\phi \textbf{A} \xrightarrow
                                                  {\phi T} \phi \textbf{B}$.
The control sequence at the end of the top line
of your error message was never \def'ed. If you have
misspelled it (e.g., `\hobx'), type `I' and the correct
spelling (e.g., `I\hbox'). Otherwise just continue,
and I'll forget about whatever was undefined.

Missing character: There is no . in font nullfont!

Overfull \hbox (24.10756pt too wide) in paragraph at lines 105--106
[]\OML/cmm/m/it/10 T[]$
 []


Overfull \hbox (6.95004pt too wide) in paragraph at lines 105--106
\OMS/cmsy/m/n/10 V$
 []


Overfull \hbox (10.70004pt too wide) in paragraph at lines 105--106
\OMS/cmsy/m/n/10 W$
 []


Overfull \hbox (41.98259pt too wide) in paragraph at lines 105--106
\OML/cmm/m/it/10 ^^^[][]^^^[]$ 
 []

Missing character: There is no I in font nullfont!
Missing character: There is no f in font nullfont!
Missing character: There is no i in font nullfont!
Missing character: There is no s in font nullfont!
Missing character: There is no s in font nullfont!
Missing character: There is no m in font nullfont!
Missing character: There is no a in font nullfont!
Missing character: There is no l in font nullfont!
Missing character: There is no l in font nullfont!
Missing character: There is no a in font nullfont!
Missing character: There is no n in font nullfont!
Missing character: There is no d in font nullfont!
! Undefined control sequence.
l.106 ...$ is small and $ \mathcal{V} \xrightarrow
                                                  {\phi} \mathcal{W}$ is a c...
The control sequence at the end of the top line
of your error message was never \def'ed. If you have
misspelled it (e.g., `\hobx'), type `I' and the correct
spelling (e.g., `I\hbox'). Otherwise just continue,
and I'll forget about whatever was undefined.

Missing character: There is no i in font nullfont!
Missing character: There is no s in font nullfont!
Missing character: There is no a in font nullfont!
Missing character: There is no c in font nullfont!
Missing character: There is no l in font nullfont!
Missing character: There is no o in font nullfont!
Missing character: There is no s in font nullfont!
Missing character: There is no e in font nullfont!
Missing character: There is no d in font nullfont!
Missing character: There is no f in font nullfont!
Missing character: There is no u in font nullfont!
Missing character: There is no n in font nullfont!
Missing character: There is no c in font nullfont!
Missing character: There is no t in font nullfont!
Missing character: There is no o in font nullfont!
Missing character: There is no r in font nullfont!
Missing character: There is no , in font nullfont!
Missing character: There is no t in font nullfont!
Missing character: There is no h in font nullfont!
Missing character: There is no e in font nullfont!
Missing character: There is no n in font nullfont!
Missing character: There is no i in font nullfont!
Missing character: There is no s in font nullfont!
Missing character: There is no a in font nullfont!
Missing character: There is no - in font nullfont!
Missing character: There is no c in font nullfont!
Missing character: There is no a in font nullfont!
Missing character: There is no t in font nullfont!
Missing character: There is no e in font nullfont!
Missing character: There is no g in font nullfont!
Missing character: There is no o in font nullfont!
Missing character: There is no r in font nullfont!
Missing character: There is no y in font nullfont!
Missing character: There is no . in font nullfont!

Overfull \hbox (6.95004pt too wide) in paragraph at lines 106--107
\OMS/cmsy/m/n/10 V$
 []


Overfull \hbox (23.60843pt too wide) in paragraph at lines 106--107
\OMS/cmsy/m/n/10 V\OML/cmm/m/it/10 ^^^\OMS/cmsy/m/n/10 W$
 []


Overfull \hbox (12.90839pt too wide) in paragraph at lines 106--107
\OML/cmm/m/it/10 ^^^\OMS/cmsy/m/n/10 V$
 []


Overfull \hbox (10.70004pt too wide) in paragraph at lines 106--107
\OMS/cmsy/m/n/10 W$ 
 []


! LaTeX Error: \begin{document} ended by \end{thm}.

See the LaTeX manual or LaTeX Companion for explanation.
Type  H <return>  for immediate help.
 ...                                              
                                                  
l.108 \end{thm}
               
Your command was ignored.
Type  I <command> <return>  to replace it with another command,
or  <return>  to continue without it.

)
! Emergency stop.
<*> ./intro-to-enriched.tex
                           
*** (job aborted, no legal \end found)

 
Here is how much of TeX's memory you used:
 41 strings out of 469804
 831 string characters out of 5470439
 442756 words of memory out of 5000000
 28780 multiletter control sequences out of 15000+600000
 628680 words of font info for 43 fonts, out of 8000000 for 9000
 0 hyphenation exceptions out of 8191
 19i,6n,23p,1316b,144s stack positions out of 10000i,1000n,20000p,200000b,200000s
!  ==> Fatal error occurred, no output PDF file produced!
